<?xml version="1.0" encoding="UTF-8"?>
<testsuite xmlns:xsi="http://www.w3.org/2001/XMLSchema-instance" xsi:noNamespaceSchemaLocation="https://maven.apache.org/surefire/maven-surefire-plugin/xsd/surefire-test-report.xsd" name="com.qa.todolist.controller.ListControllerIntegrationTest" time="9.499" tests="5" errors="0" skipped="0" failures="0">
  <properties>
[...]
</properties>
  <testcase name="getListOfListsTest" classname="com.qa.todolist.controller.ListControllerIntegrationTest" time="0.579"/>
  <testcase name="deleteListTest" classname="com.qa.todolist.controller.ListControllerIntegrationTest" time="0.117"/>
  <testcase name="getListByIDTest" classname="com.qa.todolist.controller.ListControllerIntegrationTest" time="0.017"/>
  <testcase name="addListTest" classname="com.qa.todolist.controller.ListControllerIntegrationTest" time="0.155"/>
  <testcase name="modifyListTest" classname="com.qa.todolist.controller.ListControllerIntegrationTest" time="0.025"/>
</testsuite>